-------------------------------------------------------------------------------
Test set: org.qagile.RunCukeTest
-------------------------------------------------------------------------------
Tests run: 6, Failures: 0, Errors: 2, Skipped: 3, Time elapsed: 35.626 sec <<< FAILURE!
And I navigate to spree portal(Scenario: Invalid Registration)  Time elapsed: 0.014 sec  <<< ERROR!
org.openqa.selenium.TimeoutException: Timed out after 10 seconds: Could not find element : Located by By.selector: #link-to-login a:nth-child(1)
Build info: version: 'dfb1306b85be4934d23c123122e06e602a15e446', revision: 'unknown', time: '2013-01-17 15:05:54'
System info: os.name: 'Mac OS X', os.arch: 'x86_64', os.version: '10.8.5', java.version: '1.6.0_37'
Driver info: driver.version: unknown
	at org.openqa.selenium.support.ui.FluentWait.timeoutException(FluentWait.java:255)
	at org.openqa.selenium.support.ui.FluentWait.until(FluentWait.java:224)
	at org.qagile.selenium.DriverProvider.getWebElement(DriverProvider.java:79)
	at org.qagile.selenium.DriverProvider.findElement(DriverProvider.java:69)
	at org.qagile.elements.LoginElements.loginLink(LoginElements.java:17)
	at org.qagile.pages.LoginPage.navigate(LoginPage.java:18)
	at org.qagile.steps.MyStepDefs.I_navigate_to_spree_portal(MyStepDefs.java:40)
	at ✽.And I navigate to spree portal(features/registration.feature:25)
Caused by: org.openqa.selenium.NoSuchElementException: Unable to locate element: {"method":"css selector","selector":"#link-to-login a:nth-child(1)"}
Command duration or timeout: 9 milliseconds
For documentation on this error, please visit: http://seleniumhq.org/exceptions/no_such_element.html
Build info: version: 'dfb1306b85be4934d23c123122e06e602a15e446', revision: 'unknown', time: '2013-01-17 15:05:54'
System info: os.name: 'Mac OS X', os.arch: 'x86_64', os.version: '10.8.5', java.version: '1.6.0_37'
Session ID: 5b473678-7ca5-864a-b41c-0d868eb7202f
Driver info: org.openqa.selenium.firefox.FirefoxDriver
Capabilities [{platform=MAC, acceptSslCerts=true, javascriptEnabled=true, browserName=firefox, rotatable=false, locationContextEnabled=true, version=17.0, cssSelectorsEnabled=true, databaseEnabled=true, handlesAlerts=true, browserConnectionEnabled=true, nativeEvents=false, webStorageEnabled=true, applicationCacheEnabled=true, takesScreenshot=true}]
	at sun.reflect.NativeConstructorAccessorImpl.newInstance0(Native Method)
	at sun.reflect.NativeConstructorAccessorImpl.newInstance(NativeConstructorAccessorImpl.java:39)
	at sun.reflect.DelegatingConstructorAccessorImpl.newInstance(DelegatingConstructorAccessorImpl.java:27)
	at java.lang.reflect.Constructor.newInstance(Constructor.java:513)
	at org.openqa.selenium.remote.ErrorHandler.createThrowable(ErrorHandler.java:187)
	at org.openqa.selenium.remote.ErrorHandler.throwIfResponseFailed(ErrorHandler.java:145)
	at org.openqa.selenium.remote.RemoteWebDriver.execute(RemoteWebDriver.java:533)
	at org.openqa.selenium.remote.RemoteWebDriver.findElement(RemoteWebDriver.java:302)
	at org.openqa.selenium.remote.RemoteWebDriver.findElementByCssSelector(RemoteWebDriver.java:379)
	at org.openqa.selenium.By$ByCssSelector.findElement(By.java:406)
	at org.openqa.selenium.remote.RemoteWebDriver.findElement(RemoteWebDriver.java:294)
	at org.openqa.selenium.support.ui.ExpectedConditions.findElement(ExpectedConditions.java:523)
	at org.openqa.selenium.support.ui.ExpectedConditions.access$000(ExpectedConditions.java:39)
	at org.openqa.selenium.support.ui.ExpectedConditions$3.apply(ExpectedConditions.java:106)
	at org.openqa.selenium.support.ui.ExpectedConditions$3.apply(ExpectedConditions.java:103)
	at org.openqa.selenium.support.ui.FluentWait.until(FluentWait.java:204)
	at org.qagile.selenium.DriverProvider.getWebElement(DriverProvider.java:79)
	at org.qagile.selenium.DriverProvider.findElement(DriverProvider.java:69)
	at org.qagile.elements.LoginElements.loginLink(LoginElements.java:17)
	at org.qagile.pages.LoginPage.navigate(LoginPage.java:18)
	at org.qagile.steps.MyStepDefs.I_navigate_to_spree_portal(MyStepDefs.java:40)
	at sun.reflect.NativeMethodAccessorImpl.invoke0(Native Method)
	at sun.reflect.NativeMethodAccessorImpl.invoke(NativeMethodAccessorImpl.java:39)
	at sun.reflect.DelegatingMethodAccessorImpl.invoke(DelegatingMethodAccessorImpl.java:25)
	at java.lang.reflect.Method.invoke(Method.java:597)
	at cucumber.runtime.Utils$1.call(Utils.java:44)
	at cucumber.runtime.Timeout.timeout(Timeout.java:12)
	at cucumber.runtime.Utils.invoke(Utils.java:40)
	at cucumber.runtime.java.JavaStepDefinition.execute(JavaStepDefinition.java:35)
	at cucumber.runtime.StepDefinitionMatch.runStep(StepDefinitionMatch.java:38)
	at cucumber.runtime.Runtime.runStep(Runtime.java:268)
	at cucumber.runtime.model.StepContainer.runStep(StepContainer.java:45)
	at cucumber.runtime.model.StepContainer.runSteps(StepContainer.java:40)
	at cucumber.runtime.model.CucumberScenario.run(CucumberScenario.java:36)
	at cucumber.runtime.junit.ExecutionUnitRunner.run(ExecutionUnitRunner.java:83)
	at cucumber.runtime.junit.FeatureRunner.runChild(FeatureRunner.java:63)
	at cucumber.runtime.junit.FeatureRunner.runChild(FeatureRunner.java:18)
	at org.junit.runners.ParentRunner$3.run(ParentRunner.java:238)
	at org.junit.runners.ParentRunner$1.schedule(ParentRunner.java:63)
	at org.junit.runners.ParentRunner.runChildren(ParentRunner.java:236)
	at org.junit.runners.ParentRunner.access$000(ParentRunner.java:53)
	at org.junit.runners.ParentRunner$2.evaluate(ParentRunner.java:229)
	at org.junit.runners.ParentRunner.run(ParentRunner.java:309)
	at cucumber.runtime.junit.FeatureRunner.run(FeatureRunner.java:70)
	at cucumber.api.junit.Cucumber.runChild(Cucumber.java:77)
	at cucumber.api.junit.Cucumber.runChild(Cucumber.java:37)
	at org.junit.runners.ParentRunner$3.run(ParentRunner.java:238)
	at org.junit.runners.ParentRunner$1.schedule(ParentRunner.java:63)
	at org.junit.runners.ParentRunner.runChildren(ParentRunner.java:236)
	at org.junit.runners.ParentRunner.access$000(ParentRunner.java:53)
	at org.junit.runners.ParentRunner$2.evaluate(ParentRunner.java:229)
	at org.junit.runners.ParentRunner.run(ParentRunner.java:309)
	at cucumber.api.junit.Cucumber.run(Cucumber.java:82)
	at org.apache.maven.surefire.junit4.JUnit4TestSet.execute(JUnit4TestSet.java:53)
	at org.apache.maven.surefire.junit4.JUnit4Provider.executeTestSet(JUnit4Provider.java:123)
	at org.apache.maven.surefire.junit4.JUnit4Provider.invoke(JUnit4Provider.java:104)
	at sun.reflect.NativeMethodAccessorImpl.invoke0(Native Method)
	at sun.reflect.NativeMethodAccessorImpl.invoke(NativeMethodAccessorImpl.java:39)
	at sun.reflect.DelegatingMethodAccessorImpl.invoke(DelegatingMethodAccessorImpl.java:25)
	at java.lang.reflect.Method.invoke(Method.java:597)
	at org.apache.maven.surefire.util.ReflectionUtils.invokeMethodWithArray(ReflectionUtils.java:164)
	at org.apache.maven.surefire.booter.ProviderFactory$ProviderProxy.invoke(ProviderFactory.java:110)
	at org.apache.maven.surefire.booter.SurefireStarter.invokeProvider(SurefireStarter.java:175)
	at org.apache.maven.surefire.booter.SurefireStarter.runSuitesInProcessWhenForked(SurefireStarter.java:107)
	at org.apache.maven.surefire.booter.ForkedBooter.main(ForkedBooter.java:68)
Caused by: org.openqa.selenium.remote.ErrorHandler$UnknownServerException: Unable to locate element: {"method":"css selector","selector":"#link-to-login a:nth-child(1)"}
Build info: version: 'dfb1306b85be4934d23c123122e06e602a15e446', revision: 'unknown', time: '2013-01-17 15:05:54'
System info: os.name: 'Mac OS X', os.arch: 'x86_64', os.version: '10.8.5', java.version: '1.6.0_37'
Driver info: driver.version: unknown
	at <anonymous class>.FirefoxDriver.findElementInternal_(file:///var/folders/rn/b6h4v6cj667f14cryvh_9_l40000gn/T/anonymous6051919102514119616webdriver-profile/extensions/fxdriver@googlecode.com/components/driver_component.js:8251)
	at <anonymous class>.FirefoxDriver.findElement(file:///var/folders/rn/b6h4v6cj667f14cryvh_9_l40000gn/T/anonymous6051919102514119616webdriver-profile/extensions/fxdriver@googlecode.com/components/driver_component.js:8260)
	at <anonymous class>.DelayedCommand.executeInternal_/h(file:///var/folders/rn/b6h4v6cj667f14cryvh_9_l40000gn/T/anonymous6051919102514119616webdriver-profile/extensions/fxdriver@googlecode.com/components/command_processor.js:10224)
	at <anonymous class>.DelayedCommand.executeInternal_(file:///var/folders/rn/b6h4v6cj667f14cryvh_9_l40000gn/T/anonymous6051919102514119616webdriver-profile/extensions/fxdriver@googlecode.com/components/command_processor.js:10229)
	at <anonymous class>.DelayedCommand.execute/<(file:///var/folders/rn/b6h4v6cj667f14cryvh_9_l40000gn/T/anonymous6051919102514119616webdriver-profile/extensions/fxdriver@googlecode.com/components/command_processor.js:10169)
Scenario: Invalid Registration  Time elapsed: 0.016 sec  <<< ERROR!
org.openqa.selenium.TimeoutException: Timed out after 10 seconds: Could not find element : Located by By.selector: #link-to-login a:nth-child(1)
Build info: version: 'dfb1306b85be4934d23c123122e06e602a15e446', revision: 'unknown', time: '2013-01-17 15:05:54'
System info: os.name: 'Mac OS X', os.arch: 'x86_64', os.version: '10.8.5', java.version: '1.6.0_37'
Driver info: driver.version: unknown
	at org.openqa.selenium.support.ui.FluentWait.timeoutException(FluentWait.java:255)
	at org.openqa.selenium.support.ui.FluentWait.until(FluentWait.java:224)
	at org.qagile.selenium.DriverProvider.getWebElement(DriverProvider.java:79)
	at org.qagile.selenium.DriverProvider.findElement(DriverProvider.java:69)
	at org.qagile.elements.LoginElements.loginLink(LoginElements.java:17)
	at org.qagile.pages.LoginPage.navigate(LoginPage.java:18)
	at org.qagile.steps.MyStepDefs.I_navigate_to_spree_portal(MyStepDefs.java:40)
	at ✽.And I navigate to spree portal(features/registration.feature:25)
Caused by: org.openqa.selenium.NoSuchElementException: Unable to locate element: {"method":"css selector","selector":"#link-to-login a:nth-child(1)"}
Command duration or timeout: 9 milliseconds
For documentation on this error, please visit: http://seleniumhq.org/exceptions/no_such_element.html
Build info: version: 'dfb1306b85be4934d23c123122e06e602a15e446', revision: 'unknown', time: '2013-01-17 15:05:54'
System info: os.name: 'Mac OS X', os.arch: 'x86_64', os.version: '10.8.5', java.version: '1.6.0_37'
Session ID: 5b473678-7ca5-864a-b41c-0d868eb7202f
Driver info: org.openqa.selenium.firefox.FirefoxDriver
Capabilities [{platform=MAC, acceptSslCerts=true, javascriptEnabled=true, browserName=firefox, rotatable=false, locationContextEnabled=true, version=17.0, cssSelectorsEnabled=true, databaseEnabled=true, handlesAlerts=true, browserConnectionEnabled=true, nativeEvents=false, webStorageEnabled=true, applicationCacheEnabled=true, takesScreenshot=true}]
	at sun.reflect.NativeConstructorAccessorImpl.newInstance0(Native Method)
	at sun.reflect.NativeConstructorAccessorImpl.newInstance(NativeConstructorAccessorImpl.java:39)
	at sun.reflect.DelegatingConstructorAccessorImpl.newInstance(DelegatingConstructorAccessorImpl.java:27)
	at java.lang.reflect.Constructor.newInstance(Constructor.java:513)
	at org.openqa.selenium.remote.ErrorHandler.createThrowable(ErrorHandler.java:187)
	at org.openqa.selenium.remote.ErrorHandler.throwIfResponseFailed(ErrorHandler.java:145)
	at org.openqa.selenium.remote.RemoteWebDriver.execute(RemoteWebDriver.java:533)
	at org.openqa.selenium.remote.RemoteWebDriver.findElement(RemoteWebDriver.java:302)
	at org.openqa.selenium.remote.RemoteWebDriver.findElementByCssSelector(RemoteWebDriver.java:379)
	at org.openqa.selenium.By$ByCssSelector.findElement(By.java:406)
	at org.openqa.selenium.remote.RemoteWebDriver.findElement(RemoteWebDriver.java:294)
	at org.openqa.selenium.support.ui.ExpectedConditions.findElement(ExpectedConditions.java:523)
	at org.openqa.selenium.support.ui.ExpectedConditions.access$000(ExpectedConditions.java:39)
	at org.openqa.selenium.support.ui.ExpectedConditions$3.apply(ExpectedConditions.java:106)
	at org.openqa.selenium.support.ui.ExpectedConditions$3.apply(ExpectedConditions.java:103)
	at org.openqa.selenium.support.ui.FluentWait.until(FluentWait.java:204)
	at org.qagile.selenium.DriverProvider.getWebElement(DriverProvider.java:79)
	at org.qagile.selenium.DriverProvider.findElement(DriverProvider.java:69)
	at org.qagile.elements.LoginElements.loginLink(LoginElements.java:17)
	at org.qagile.pages.LoginPage.navigate(LoginPage.java:18)
	at org.qagile.steps.MyStepDefs.I_navigate_to_spree_portal(MyStepDefs.java:40)
	at sun.reflect.NativeMethodAccessorImpl.invoke0(Native Method)
	at sun.reflect.NativeMethodAccessorImpl.invoke(NativeMethodAccessorImpl.java:39)
	at sun.reflect.DelegatingMethodAccessorImpl.invoke(DelegatingMethodAccessorImpl.java:25)
	at java.lang.reflect.Method.invoke(Method.java:597)
	at cucumber.runtime.Utils$1.call(Utils.java:44)
	at cucumber.runtime.Timeout.timeout(Timeout.java:12)
	at cucumber.runtime.Utils.invoke(Utils.java:40)
	at cucumber.runtime.java.JavaStepDefinition.execute(JavaStepDefinition.java:35)
	at cucumber.runtime.StepDefinitionMatch.runStep(StepDefinitionMatch.java:38)
	at cucumber.runtime.Runtime.runStep(Runtime.java:268)
	at cucumber.runtime.model.StepContainer.runStep(StepContainer.java:45)
	at cucumber.runtime.model.StepContainer.runSteps(StepContainer.java:40)
	at cucumber.runtime.model.CucumberScenario.run(CucumberScenario.java:36)
	at cucumber.runtime.junit.ExecutionUnitRunner.run(ExecutionUnitRunner.java:83)
	at cucumber.runtime.junit.FeatureRunner.runChild(FeatureRunner.java:63)
	at cucumber.runtime.junit.FeatureRunner.runChild(FeatureRunner.java:18)
	at org.junit.runners.ParentRunner$3.run(ParentRunner.java:238)
	at org.junit.runners.ParentRunner$1.schedule(ParentRunner.java:63)
	at org.junit.runners.ParentRunner.runChildren(ParentRunner.java:236)
	at org.junit.runners.ParentRunner.access$000(ParentRunner.java:53)
	at org.junit.runners.ParentRunner$2.evaluate(ParentRunner.java:229)
	at org.junit.runners.ParentRunner.run(ParentRunner.java:309)
	at cucumber.runtime.junit.FeatureRunner.run(FeatureRunner.java:70)
	at cucumber.api.junit.Cucumber.runChild(Cucumber.java:77)
	at cucumber.api.junit.Cucumber.runChild(Cucumber.java:37)
	at org.junit.runners.ParentRunner$3.run(ParentRunner.java:238)
	at org.junit.runners.ParentRunner$1.schedule(ParentRunner.java:63)
	at org.junit.runners.ParentRunner.runChildren(ParentRunner.java:236)
	at org.junit.runners.ParentRunner.access$000(ParentRunner.java:53)
	at org.junit.runners.ParentRunner$2.evaluate(ParentRunner.java:229)
	at org.junit.runners.ParentRunner.run(ParentRunner.java:309)
	at cucumber.api.junit.Cucumber.run(Cucumber.java:82)
	at org.apache.maven.surefire.junit4.JUnit4TestSet.execute(JUnit4TestSet.java:53)
	at org.apache.maven.surefire.junit4.JUnit4Provider.executeTestSet(JUnit4Provider.java:123)
	at org.apache.maven.surefire.junit4.JUnit4Provider.invoke(JUnit4Provider.java:104)
	at sun.reflect.NativeMethodAccessorImpl.invoke0(Native Method)
	at sun.reflect.NativeMethodAccessorImpl.invoke(NativeMethodAccessorImpl.java:39)
	at sun.reflect.DelegatingMethodAccessorImpl.invoke(DelegatingMethodAccessorImpl.java:25)
	at java.lang.reflect.Method.invoke(Method.java:597)
	at org.apache.maven.surefire.util.ReflectionUtils.invokeMethodWithArray(ReflectionUtils.java:164)
	at org.apache.maven.surefire.booter.ProviderFactory$ProviderProxy.invoke(ProviderFactory.java:110)
	at org.apache.maven.surefire.booter.SurefireStarter.invokeProvider(SurefireStarter.java:175)
	at org.apache.maven.surefire.booter.SurefireStarter.runSuitesInProcessWhenForked(SurefireStarter.java:107)
	at org.apache.maven.surefire.booter.ForkedBooter.main(ForkedBooter.java:68)
Caused by: org.openqa.selenium.remote.ErrorHandler$UnknownServerException: Unable to locate element: {"method":"css selector","selector":"#link-to-login a:nth-child(1)"}
Build info: version: 'dfb1306b85be4934d23c123122e06e602a15e446', revision: 'unknown', time: '2013-01-17 15:05:54'
System info: os.name: 'Mac OS X', os.arch: 'x86_64', os.version: '10.8.5', java.version: '1.6.0_37'
Driver info: driver.version: unknown
	at <anonymous class>.FirefoxDriver.findElementInternal_(file:///var/folders/rn/b6h4v6cj667f14cryvh_9_l40000gn/T/anonymous6051919102514119616webdriver-profile/extensions/fxdriver@googlecode.com/components/driver_component.js:8251)
	at <anonymous class>.FirefoxDriver.findElement(file:///var/folders/rn/b6h4v6cj667f14cryvh_9_l40000gn/T/anonymous6051919102514119616webdriver-profile/extensions/fxdriver@googlecode.com/components/driver_component.js:8260)
	at <anonymous class>.DelayedCommand.executeInternal_/h(file:///var/folders/rn/b6h4v6cj667f14cryvh_9_l40000gn/T/anonymous6051919102514119616webdriver-profile/extensions/fxdriver@googlecode.com/components/command_processor.js:10224)
	at <anonymous class>.DelayedCommand.executeInternal_(file:///var/folders/rn/b6h4v6cj667f14cryvh_9_l40000gn/T/anonymous6051919102514119616webdriver-profile/extensions/fxdriver@googlecode.com/components/command_processor.js:10229)
	at <anonymous class>.DelayedCommand.execute/<(file:///var/folders/rn/b6h4v6cj667f14cryvh_9_l40000gn/T/anonymous6051919102514119616webdriver-profile/extensions/fxdriver@googlecode.com/components/command_processor.js:10169)
